<?xml version="1.0" encoding="UTF-8"?>
<!-- Generated by org.testng.reporters.JUnitReportReporter -->
<testsuite hostname="DESKTOP-PP0S60Q" failures="0" tests="4" name="Runners.testng" time="46.406" errors="0" timestamp="2022-03-11T17:09:54 AEDT" skipped="0">
  <testcase classname="Runners.testng" name="runScenario" time="13.401"/>
  <system-out/>
  <testcase classname="Runners.testng" name="runScenario" time="12.440"/>
  <system-out/>
  <testcase classname="Runners.testng" name="runScenario" time="10.097"/>
  <system-out/>
  <testcase classname="Runners.testng" name="runScenario" time="10.468"/>
  <system-out/>
</testsuite> <!-- Runners.testng -->
